<?xml version="1.0" encoding="UTF-8"?>
<!-- Generated by org.testng.reporters.JUnitReportReporter -->
<testsuite hostname="LAPTOP-EETDBIMU" failures="0" tests="1" name="BasicSript.TeseCaseExecution" time="0.025" errors="0" timestamp="2025-05-28T13:49:38 IST" skipped="0">
  <testcase classname="BasicSript.TeseCaseExecution" name="TestCase" time="0.025"/>
</testsuite> <!-- BasicSript.TeseCaseExecution -->
